[2025-01-20T00:01:19.100+0000] {local_task_job_runner.py:123} INFO - ::group::Pre task execution logs
[2025-01-20T00:01:19.113+0000] {taskinstance.py:2613} INFO - Dependencies all met for dep_context=non-requeueable deps ti=<TaskInstance: etl_reddit_pipeline.s3_upload scheduled__2025-01-19T00:00:00+00:00 [queued]>
[2025-01-20T00:01:19.117+0000] {taskinstance.py:2613} INFO - Dependencies all met for dep_context=requeueable deps ti=<TaskInstance: etl_reddit_pipeline.s3_upload scheduled__2025-01-19T00:00:00+00:00 [queued]>
[2025-01-20T00:01:19.193+0000] {taskinstance.py:2866} INFO - Starting attempt 1 of 1
[2025-01-20T00:01:19.207+0000] {taskinstance.py:2889} INFO - Executing <Task(PythonOperator): s3_upload> on 2025-01-19 00:00:00+00:00
[2025-01-20T00:01:19.227+0000] {standard_task_runner.py:72} INFO - Started process 98 to run task
[2025-01-20T00:01:19.239+0000] {standard_task_runner.py:104} INFO - Running: ['airflow', 'tasks', 'run', 'etl_reddit_pipeline', 's3_upload', 'scheduled__2025-01-19T00:00:00+00:00', '--job-id', '13', '--raw', '--subdir', 'DAGS_FOLDER/reddit_dag.py', '--cfg-path', '/tmp/tmp5eq_dy1_']
[2025-01-20T00:01:19.242+0000] {standard_task_runner.py:105} INFO - Job 13: Subtask s3_upload
[2025-01-20T00:01:19.290+0000] {task_command.py:467} INFO - Running <TaskInstance: etl_reddit_pipeline.s3_upload scheduled__2025-01-19T00:00:00+00:00 [running]> on host d463f712c88a
[2025-01-20T00:01:19.350+0000] {taskinstance.py:3132} INFO - Exporting env vars: AIRFLOW_CTX_DAG_OWNER='Avaneesh Pareek' AIRFLOW_CTX_DAG_ID='etl_reddit_pipeline' AIRFLOW_CTX_TASK_ID='s3_upload' AIRFLOW_CTX_EXECUTION_DATE='2025-01-19T00:00:00+00:00' AIRFLOW_CTX_TRY_NUMBER='1' AIRFLOW_CTX_DAG_RUN_ID='scheduled__2025-01-19T00:00:00+00:00'
[2025-01-20T00:01:19.352+0000] {taskinstance.py:731} INFO - ::endgroup::
[2025-01-20T00:01:20.661+0000] {logging_mixin.py:190} INFO - Bucket already exists
[2025-01-20T00:01:20.669+0000] {logging_mixin.py:190} INFO - <s3fs.core.S3FileSystem object at 0xffff95bbead0>
[2025-01-20T00:01:20.670+0000] {logging_mixin.py:190} INFO - /opt/airflow/data/output/reddit_20250120.csv
[2025-01-20T00:01:20.672+0000] {logging_mixin.py:190} INFO - airscholar-reddit-engineering-avi
[2025-01-20T00:01:20.672+0000] {logging_mixin.py:190} INFO - reddit_20250120.csv
[2025-01-20T00:01:21.412+0000] {logging_mixin.py:190} INFO - File uploaded to s3
[2025-01-20T00:01:21.414+0000] {python.py:240} INFO - Done. Returned value was: None
[2025-01-20T00:01:21.451+0000] {taskinstance.py:340} INFO - ::group::Post task execution logs
[2025-01-20T00:01:21.452+0000] {taskinstance.py:352} INFO - Marking task as SUCCESS. dag_id=etl_reddit_pipeline, task_id=s3_upload, run_id=scheduled__2025-01-19T00:00:00+00:00, execution_date=20250119T000000, start_date=20250120T000119, end_date=20250120T000121
[2025-01-20T00:01:21.559+0000] {local_task_job_runner.py:266} INFO - Task exited with return code 0
[2025-01-20T00:01:21.602+0000] {taskinstance.py:3895} INFO - 0 downstream tasks scheduled from follow-on schedule check
[2025-01-20T00:01:21.605+0000] {local_task_job_runner.py:245} INFO - ::endgroup::
