[2025-01-20T05:28:16.704+0000] {local_task_job_runner.py:123} INFO - ::group::Pre task execution logs
[2025-01-20T05:28:16.719+0000] {taskinstance.py:2613} INFO - Dependencies all met for dep_context=non-requeueable deps ti=<TaskInstance: etl_reddit_pipeline.s3_upload manual__2025-01-20T05:28:10.659426+00:00 [queued]>
[2025-01-20T05:28:16.724+0000] {taskinstance.py:2613} INFO - Dependencies all met for dep_context=requeueable deps ti=<TaskInstance: etl_reddit_pipeline.s3_upload manual__2025-01-20T05:28:10.659426+00:00 [queued]>
[2025-01-20T05:28:16.724+0000] {taskinstance.py:2866} INFO - Starting attempt 1 of 1
[2025-01-20T05:28:16.737+0000] {taskinstance.py:2889} INFO - Executing <Task(PythonOperator): s3_upload> on 2025-01-20 05:28:10.659426+00:00
[2025-01-20T05:28:16.755+0000] {standard_task_runner.py:72} INFO - Started process 108 to run task
[2025-01-20T05:28:16.766+0000] {standard_task_runner.py:104} INFO - Running: ['airflow', 'tasks', 'run', 'etl_reddit_pipeline', 's3_upload', 'manual__2025-01-20T05:28:10.659426+00:00', '--job-id', '15', '--raw', '--subdir', 'DAGS_FOLDER/reddit_dag.py', '--cfg-path', '/tmp/tmp_nb6qlmj']
[2025-01-20T05:28:16.782+0000] {standard_task_runner.py:105} INFO - Job 15: Subtask s3_upload
[2025-01-20T05:28:16.878+0000] {task_command.py:467} INFO - Running <TaskInstance: etl_reddit_pipeline.s3_upload manual__2025-01-20T05:28:10.659426+00:00 [running]> on host d463f712c88a
[2025-01-20T05:28:16.947+0000] {taskinstance.py:3132} INFO - Exporting env vars: AIRFLOW_CTX_DAG_OWNER='Avaneesh Pareek' AIRFLOW_CTX_DAG_ID='etl_reddit_pipeline' AIRFLOW_CTX_TASK_ID='s3_upload' AIRFLOW_CTX_EXECUTION_DATE='2025-01-20T05:28:10.659426+00:00' AIRFLOW_CTX_TRY_NUMBER='1' AIRFLOW_CTX_DAG_RUN_ID='manual__2025-01-20T05:28:10.659426+00:00'
[2025-01-20T05:28:16.949+0000] {taskinstance.py:731} INFO - ::endgroup::
[2025-01-20T05:28:18.319+0000] {logging_mixin.py:190} INFO - Bucket already exists
[2025-01-20T05:28:18.326+0000] {logging_mixin.py:190} INFO - <s3fs.core.S3FileSystem object at 0xffff95bbc460>
[2025-01-20T05:28:18.326+0000] {logging_mixin.py:190} INFO - /opt/airflow/data/output/reddit_20250120.csv
[2025-01-20T05:28:18.327+0000] {logging_mixin.py:190} INFO - airscholar-reddit-engineering-avi
[2025-01-20T05:28:18.327+0000] {logging_mixin.py:190} INFO - reddit_20250120.csv
[2025-01-20T05:28:19.076+0000] {logging_mixin.py:190} INFO - File uploaded to s3
[2025-01-20T05:28:19.077+0000] {python.py:240} INFO - Done. Returned value was: None
[2025-01-20T05:28:19.133+0000] {taskinstance.py:340} INFO - ::group::Post task execution logs
[2025-01-20T05:28:19.134+0000] {taskinstance.py:352} INFO - Marking task as SUCCESS. dag_id=etl_reddit_pipeline, task_id=s3_upload, run_id=manual__2025-01-20T05:28:10.659426+00:00, execution_date=20250120T052810, start_date=20250120T052816, end_date=20250120T052819
[2025-01-20T05:28:19.190+0000] {local_task_job_runner.py:266} INFO - Task exited with return code 0
[2025-01-20T05:28:19.233+0000] {taskinstance.py:3895} INFO - 0 downstream tasks scheduled from follow-on schedule check
[2025-01-20T05:28:19.235+0000] {local_task_job_runner.py:245} INFO - ::endgroup::
