[2025-01-19T16:52:34.589+0000] {local_task_job_runner.py:123} INFO - ::group::Pre task execution logs
[2025-01-19T16:52:34.602+0000] {taskinstance.py:2613} INFO - Dependencies all met for dep_context=non-requeueable deps ti=<TaskInstance: etl_reddit_pipeline.reddit_extraction scheduled__2025-01-18T00:00:00+00:00 [queued]>
[2025-01-19T16:52:34.609+0000] {taskinstance.py:2613} INFO - Dependencies all met for dep_context=requeueable deps ti=<TaskInstance: etl_reddit_pipeline.reddit_extraction scheduled__2025-01-18T00:00:00+00:00 [queued]>
[2025-01-19T16:52:34.610+0000] {taskinstance.py:2866} INFO - Starting attempt 1 of 1
[2025-01-19T16:52:34.618+0000] {taskinstance.py:2889} INFO - Executing <Task(PythonOperator): reddit_extraction> on 2025-01-18 00:00:00+00:00
[2025-01-19T16:52:34.624+0000] {standard_task_runner.py:72} INFO - Started process 55 to run task
[2025-01-19T16:52:34.628+0000] {standard_task_runner.py:104} INFO - Running: ['airflow', 'tasks', 'run', 'etl_reddit_pipeline', 'reddit_extraction', 'scheduled__2025-01-18T00:00:00+00:00', '--job-id', '3', '--raw', '--subdir', 'DAGS_FOLDER/reddit_dag.py', '--cfg-path', '/tmp/tmpabaacjxd']
[2025-01-19T16:52:34.629+0000] {standard_task_runner.py:105} INFO - Job 3: Subtask reddit_extraction
[2025-01-19T16:52:34.721+0000] {task_command.py:467} INFO - Running <TaskInstance: etl_reddit_pipeline.reddit_extraction scheduled__2025-01-18T00:00:00+00:00 [running]> on host 528e17a0e135
[2025-01-19T16:52:34.802+0000] {taskinstance.py:3132} INFO - Exporting env vars: AIRFLOW_CTX_DAG_OWNER='Avaneesh Pareek' AIRFLOW_CTX_DAG_ID='etl_reddit_pipeline' AIRFLOW_CTX_TASK_ID='reddit_extraction' AIRFLOW_CTX_EXECUTION_DATE='2025-01-18T00:00:00+00:00' AIRFLOW_CTX_TRY_NUMBER='1' AIRFLOW_CTX_DAG_RUN_ID='scheduled__2025-01-18T00:00:00+00:00'
[2025-01-19T16:52:34.803+0000] {taskinstance.py:731} INFO - ::endgroup::
[2025-01-19T16:52:35.377+0000] {logging_mixin.py:190} INFO - Connected to Reddit
[2025-01-19T16:52:35.381+0000] {logging_mixin.py:190} INFO - <praw.models.listing.generator.ListingGenerator object at 0xffff77f6e080>
[2025-01-19T16:52:35.381+0000] {python.py:240} INFO - Done. Returned value was: None
[2025-01-19T16:52:35.395+0000] {taskinstance.py:340} INFO - ::group::Post task execution logs
[2025-01-19T16:52:35.395+0000] {taskinstance.py:352} INFO - Marking task as SUCCESS. dag_id=etl_reddit_pipeline, task_id=reddit_extraction, run_id=scheduled__2025-01-18T00:00:00+00:00, execution_date=20250118T000000, start_date=20250119T165234, end_date=20250119T165235
[2025-01-19T16:52:35.448+0000] {local_task_job_runner.py:266} INFO - Task exited with return code 0
[2025-01-19T16:52:35.479+0000] {taskinstance.py:3895} INFO - 0 downstream tasks scheduled from follow-on schedule check
[2025-01-19T16:52:35.481+0000] {local_task_job_runner.py:245} INFO - ::endgroup::
[2025-01-19T19:52:52.994+0000] {local_task_job_runner.py:123} INFO - ::group::Pre task execution logs
[2025-01-19T19:52:53.015+0000] {taskinstance.py:2613} INFO - Dependencies all met for dep_context=non-requeueable deps ti=<TaskInstance: etl_reddit_pipeline.reddit_extraction scheduled__2025-01-18T00:00:00+00:00 [queued]>
[2025-01-19T19:52:53.035+0000] {taskinstance.py:2613} INFO - Dependencies all met for dep_context=requeueable deps ti=<TaskInstance: etl_reddit_pipeline.reddit_extraction scheduled__2025-01-18T00:00:00+00:00 [queued]>
[2025-01-19T19:52:53.035+0000] {taskinstance.py:2866} INFO - Starting attempt 1 of 1
[2025-01-19T19:52:53.048+0000] {taskinstance.py:2889} INFO - Executing <Task(PythonOperator): reddit_extraction> on 2025-01-18 00:00:00+00:00
[2025-01-19T19:52:53.071+0000] {standard_task_runner.py:72} INFO - Started process 54 to run task
[2025-01-19T19:52:53.090+0000] {standard_task_runner.py:104} INFO - Running: ['airflow', 'tasks', 'run', 'etl_reddit_pipeline', 'reddit_extraction', 'scheduled__2025-01-18T00:00:00+00:00', '--job-id', '4', '--raw', '--subdir', 'DAGS_FOLDER/reddit_dag.py', '--cfg-path', '/tmp/tmp91610p0v']
[2025-01-19T19:52:53.099+0000] {standard_task_runner.py:105} INFO - Job 4: Subtask reddit_extraction
[2025-01-19T19:52:53.185+0000] {task_command.py:467} INFO - Running <TaskInstance: etl_reddit_pipeline.reddit_extraction scheduled__2025-01-18T00:00:00+00:00 [running]> on host d463f712c88a
[2025-01-19T19:52:53.289+0000] {taskinstance.py:3132} INFO - Exporting env vars: AIRFLOW_CTX_DAG_OWNER='Avaneesh Pareek' AIRFLOW_CTX_DAG_ID='etl_reddit_pipeline' AIRFLOW_CTX_TASK_ID='reddit_extraction' AIRFLOW_CTX_EXECUTION_DATE='2025-01-18T00:00:00+00:00' AIRFLOW_CTX_TRY_NUMBER='1' AIRFLOW_CTX_DAG_RUN_ID='scheduled__2025-01-18T00:00:00+00:00'
[2025-01-19T19:52:53.291+0000] {taskinstance.py:731} INFO - ::endgroup::
[2025-01-19T19:52:53.808+0000] {logging_mixin.py:190} INFO - Connected to Reddit
[2025-01-19T19:52:53.810+0000] {logging_mixin.py:190} INFO - <praw.models.listing.generator.ListingGenerator object at 0xffff95bde4d0>
[2025-01-19T19:52:55.119+0000] {python.py:240} INFO - Done. Returned value was: /opt/airflow/data/output/reddit_20250119.csv
[2025-01-19T19:52:55.207+0000] {taskinstance.py:340} INFO - ::group::Post task execution logs
[2025-01-19T19:52:55.208+0000] {taskinstance.py:352} INFO - Marking task as SUCCESS. dag_id=etl_reddit_pipeline, task_id=reddit_extraction, run_id=scheduled__2025-01-18T00:00:00+00:00, execution_date=20250118T000000, start_date=20250119T195253, end_date=20250119T195255
[2025-01-19T19:52:55.318+0000] {local_task_job_runner.py:266} INFO - Task exited with return code 0
[2025-01-19T19:52:55.395+0000] {taskinstance.py:3895} INFO - 1 downstream tasks scheduled from follow-on schedule check
[2025-01-19T19:52:55.398+0000] {local_task_job_runner.py:245} INFO - ::endgroup::
